0 info it worked if it ends with ok
1 verbose cli [ '/usr/local/bin/node',
1 verbose cli   '/Users/jonathan/npm/bin/npm',
1 verbose cli   'run',
1 verbose cli   'test' ]
2 info using npm@1.4.23
3 info using node@v4.0.0
4 verbose run-script [ 'pretest', 'test', 'posttest' ]
5 info pretest WikiPlaylist@
6 info test WikiPlaylist@
7 verbose unsafe-perm in lifecycle true
8 info WikiPlaylist@ Failed to exec test script
9 error WikiPlaylist@ test: `rspec -f documentation`
9 error Exit status 1
10 error Failed at the WikiPlaylist@ test script.
10 error This is most likely a problem with the WikiPlaylist package,
10 error not with npm itself.
10 error Tell the author that this fails on your system:
10 error     rspec -f documentation
10 error You can get their info via:
10 error     npm owner ls WikiPlaylist
10 error There is likely additional logging output above.
11 error System Darwin 14.3.0
12 error command "/usr/local/bin/node" "/Users/jonathan/npm/bin/npm" "run" "test"
13 error cwd /Users/jonathan/Development/apps/wiki/WikipediaPlaylist
14 error node -v v4.0.0
15 error npm -v 1.4.23
16 error code ELIFECYCLE
17 verbose exit [ 1, true ]
